[09:26:22] [main/INFO]: Loading Minecraft 1.20.1 with Fabric Loader 0.16.0
[09:26:22] [main/INFO]: Loading 4 mods:
	- fabricloader 0.16.0
	   \-- mixinextras 0.4.0
	- java 21
	- minecraft 1.20.1
[09:26:22] [main/INFO]: SpongePowered MIXIN Subsystem Version=0.8.7 Source=file:/workspaces/elyxdev/servidor_minecraft/libraries/net/fabricmc/sponge-mixin/0.15.0+mixin.0.8.7/sponge-mixin-0.15.0+mixin.0.8.7.jar Service=Knot/Fabric Env=SERVER
[09:26:27] [main/INFO]: Environment: authHost='https://authserver.mojang.com', accountsHost='https://api.mojang.com', sessionHost='https://sessionserver.mojang.com', servicesHost='https://api.minecraftservices.com', name='PROD'
[09:26:29] [main/INFO]: Loaded 7 recipes
[09:26:29] [main/INFO]: Loaded 1271 advancements
[09:26:30] [Server thread/INFO]: Starting minecraft server version 1.20.1
[09:26:30] [Server thread/INFO]: Loading properties
[09:26:30] [Server thread/INFO]: Default game type: SURVIVAL
[09:26:30] [Server thread/INFO]: Generating keypair
[09:26:30] [Server thread/INFO]: Starting Minecraft server on *:25565
[09:26:30] [Server thread/INFO]: Using epoll channel type
[09:26:30] [Server thread/WARN]: **** FAILED TO BIND TO PORT!
[09:26:30] [Server thread/WARN]: The exception was: io.netty.channel.unix.Errors$NativeIoException: bind(..) failed: Address already in use
[09:26:30] [Server thread/WARN]: Perhaps a server is already running on that port?
[09:26:30] [Server thread/ERROR]: Encountered an unexpected exception
java.lang.IllegalStateException: Failed to initialize server
	at net.minecraft.server.MinecraftServer.method_29741(MinecraftServer.java:684) ~[server-intermediary.jar:?]
	at net.minecraft.server.MinecraftServer.method_29739(MinecraftServer.java:265) ~[server-intermediary.jar:?]
	at java.lang.Thread.run(Thread.java:1583) ~[?:?]
[09:26:30] [Server thread/ERROR]: This crash report has been saved to: /workspaces/elyxdev/servidor_minecraft/./crash-reports/crash-2024-07-21_09.26.30-server.txt
[09:26:30] [Server thread/INFO]: Stopping server
[09:26:30] [Server thread/INFO]: Saving worlds
[09:26:30] [Server thread/ERROR]: Exception stopping the server
java.lang.NullPointerException: Cannot invoke "net.minecraft.class_3218.method_8621()" because "$$5" is null
	at net.minecraft.server.MinecraftServer.method_3723(MinecraftServer.java:541) ~[server-intermediary.jar:?]
	at net.minecraft.server.MinecraftServer.method_3782(MinecraftServer.java:602) ~[server-intermediary.jar:?]
	at net.minecraft.class_3176.method_3782(class_3176.java:537) ~[server-intermediary.jar:?]
	at net.minecraft.server.MinecraftServer.method_29741(MinecraftServer.java:703) ~[server-intermediary.jar:?]
	at net.minecraft.server.MinecraftServer.method_29739(MinecraftServer.java:265) ~[server-intermediary.jar:?]
	at java.lang.Thread.run(Thread.java:1583) ~[?:?]
